[0m18:05:21.397772 [debug] [MainThread]: Sending event: {'category': 'dbt', 'action': 'invocation', 'label': 'start', 'context': [<snowplow_tracker.self_describing_json.SelfDescribingJson object at 0x7f207bf57220>, <snowplow_tracker.self_describing_json.SelfDescribingJson object at 0x7f207c6d2f20>, <snowplow_tracker.self_describing_json.SelfDescribingJson object at 0x7f207c6d2ec0>]}


============================== 18:05:21.406481 | 2f6a5311-c5b9-4f50-b56f-ea8c5c4007c8 ==============================
[0m18:05:21.406481 [info ] [MainThread]: Running with dbt=1.7.13
[0m18:05:21.407367 [debug] [MainThread]: running dbt with arguments {'printer_width': '80', 'indirect_selection': 'eager', 'write_json': 'True', 'log_cache_events': 'False', 'partial_parse': 'True', 'cache_selected_only': 'False', 'warn_error': 'None', 'fail_fast': 'False', 'profiles_dir': '/home/fshlinux/.dbt', 'log_path': 'logs', 'version_check': 'True', 'debug': 'False', 'use_colors': 'True', 'use_experimental_parser': 'False', 'no_print': 'None', 'quiet': 'False', 'log_format': 'default', 'static_parser': 'True', 'warn_error_options': 'WarnErrorOptions(include=[], exclude=[])', 'introspect': 'True', 'target_path': 'None', 'invocation_command': 'dbt init', 'send_anonymous_usage_stats': 'True'}
[0m18:05:21.408123 [warn ] [MainThread]: [ConfigFolderDirectory]: Unable to parse dict {'dir': PosixPath('/home/fshlinux/.dbt')}
[0m18:05:21.408774 [info ] [MainThread]: Creating dbt configuration folder at 
[0m18:06:02.628177 [debug] [MainThread]: Starter project path: /home/fshlinux/hd2/data/programming/big_data/freecodecamp/venv/lib/python3.10/site-packages/dbt/include/starter_project
[0m18:06:02.634562 [info ] [MainThread]: 
Your new dbt project "custom_postgres" was created!

For more information on how to configure the profiles.yml file,
please consult the dbt documentation here:

  https://docs.getdbt.com/docs/configure-your-profile

One more thing:

Need help? Don't hesitate to reach out to us via GitHub issues or on Slack:

  https://community.getdbt.com/

Happy modeling!

[0m18:06:02.635450 [info ] [MainThread]: Setting up your profile.
[0m18:41:34.736997 [info ] [MainThread]: Profile custom_postgres written to /home/fshlinux/.dbt/profiles.yml using target's profile_template.yml and your supplied values. Run 'dbt debug' to validate the connection.
[0m18:41:34.738930 [debug] [MainThread]: Resource report: {"command_name": "init", "command_success": true, "command_wall_clock_time": 2173.3435, "process_user_time": 2.35553, "process_kernel_time": 0.087871, "process_mem_max_rss": "92924", "process_in_blocks": "72", "process_out_blocks": "88"}
[0m18:41:34.739975 [debug] [MainThread]: Command `dbt init` succeeded at 18:41:34.739703 after 2173.34 seconds
[0m18:41:34.740720 [debug] [MainThread]: Sending event: {'category': 'dbt', 'action': 'invocation', 'label': 'end', 'context': [<snowplow_tracker.self_describing_json.SelfDescribingJson object at 0x7f207bf57220>, <snowplow_tracker.self_describing_json.SelfDescribingJson object at 0x7f207e001000>, <snowplow_tracker.self_describing_json.SelfDescribingJson object at 0x7f207c6d3d60>]}
[0m18:41:34.741552 [debug] [MainThread]: Flushing usage events
[0m19:01:17.201399 [debug] [MainThread]: Sending event: {'category': 'dbt', 'action': 'invocation', 'label': 'start', 'context': [<snowplow_tracker.self_describing_json.SelfDescribingJson object at 0x7f42235da2c0>, <snowplow_tracker.self_describing_json.SelfDescribingJson object at 0x7f42218d80a0>, <snowplow_tracker.self_describing_json.SelfDescribingJson object at 0x7f42218dbee0>]}


============================== 19:01:17.206218 | b9c33673-856c-4130-bd65-b607c5122006 ==============================
[0m19:01:17.206218 [info ] [MainThread]: Running with dbt=1.7.13
[0m19:01:17.207645 [debug] [MainThread]: running dbt with arguments {'printer_width': '80', 'indirect_selection': 'eager', 'write_json': 'True', 'log_cache_events': 'False', 'partial_parse': 'True', 'cache_selected_only': 'False', 'profiles_dir': '/home/fshlinux/.dbt', 'version_check': 'True', 'warn_error': 'None', 'log_path': 'logs', 'fail_fast': 'False', 'debug': 'False', 'use_colors': 'True', 'use_experimental_parser': 'False', 'no_print': 'None', 'quiet': 'False', 'log_format': 'default', 'static_parser': 'True', 'introspect': 'True', 'warn_error_options': 'WarnErrorOptions(include=[], exclude=[])', 'target_path': 'None', 'invocation_command': 'dbt debug', 'send_anonymous_usage_stats': 'True'}
[0m19:01:17.209178 [info ] [MainThread]: dbt version: 1.7.13
[0m19:01:17.210340 [info ] [MainThread]: python version: 3.10.12
[0m19:01:17.211406 [info ] [MainThread]: python path: /home/fshlinux/hd2/data/programming/big_data/freecodecamp/venv/bin/python3
[0m19:01:17.212516 [info ] [MainThread]: os info: Linux-5.15.0-105-generic-x86_64-with-glibc2.35
[0m19:01:17.335845 [info ] [MainThread]: Using profiles dir at /home/fshlinux/.dbt
[0m19:01:17.336629 [info ] [MainThread]: Using profiles.yml file at /home/fshlinux/.dbt/profiles.yml
[0m19:01:17.337257 [info ] [MainThread]: Using dbt_project.yml file at /home/fshlinux/hd2/data/programming/big_data/freecodecamp/dbt_project.yml
[0m19:01:17.338215 [info ] [MainThread]: adapter type: postgres
[0m19:01:17.338834 [info ] [MainThread]: adapter version: 1.7.13
[0m19:01:17.339451 [info ] [MainThread]: Configuration:
[0m19:01:17.340066 [info ] [MainThread]:   profiles.yml file [[32mOK found and valid[0m]
[0m19:01:17.340731 [info ] [MainThread]:   dbt_project.yml file [[31mERROR not found[0m]
[0m19:01:17.341577 [info ] [MainThread]: Required dependencies:
[0m19:01:17.342433 [debug] [MainThread]: Executing "git --help"
[0m19:01:17.344830 [debug] [MainThread]: STDOUT: "b"usage: git [-v | --version] [-h | --help] [-C <path>] [-c <name>=<value>]\n           [--exec-path[=<path>]] [--html-path] [--man-path] [--info-path]\n           [-p | --paginate | -P | --no-pager] [--no-replace-objects] [--bare]\n           [--git-dir=<path>] [--work-tree=<path>] [--namespace=<name>]\n           [--config-env=<name>=<envvar>] <command> [<args>]\n\nThese are common Git commands used in various situations:\n\nstart a working area (see also: git help tutorial)\n   clone     Clone a repository into a new directory\n   init      Create an empty Git repository or reinitialize an existing one\n\nwork on the current change (see also: git help everyday)\n   add       Add file contents to the index\n   mv        Move or rename a file, a directory, or a symlink\n   restore   Restore working tree files\n   rm        Remove files from the working tree and from the index\n\nexamine the history and state (see also: git help revisions)\n   bisect    Use binary search to find the commit that introduced a bug\n   diff      Show changes between commits, commit and working tree, etc\n   grep      Print lines matching a pattern\n   log       Show commit logs\n   show      Show various types of objects\n   status    Show the working tree status\n\ngrow, mark and tweak your common history\n   branch    List, create, or delete branches\n   commit    Record changes to the repository\n   merge     Join two or more development histories together\n   rebase    Reapply commits on top of another base tip\n   reset     Reset current HEAD to the specified state\n   switch    Switch branches\n   tag       Create, list, delete or verify a tag object signed with GPG\n\ncollaborate (see also: git help workflows)\n   fetch     Download objects and refs from another repository\n   pull      Fetch from and integrate with another repository or a local branch\n   push      Update remote refs along with associated objects\n\n'git help -a' and 'git help -g' list available subcommands and some\nconcept guides. See 'git help <command>' or 'git help <concept>'\nto read about a specific subcommand or concept.\nSee 'git help git' for an overview of the system.\n""
[0m19:01:17.345740 [debug] [MainThread]: STDERR: "b''"
[0m19:01:17.346406 [info ] [MainThread]:  - git [[32mOK found[0m]

[0m19:01:17.347301 [info ] [MainThread]: Connection:
[0m19:01:17.347985 [info ] [MainThread]:   host: localhost
[0m19:01:17.348715 [info ] [MainThread]:   port: 5434
[0m19:01:17.349521 [info ] [MainThread]:   user: postgres
[0m19:01:17.350462 [info ] [MainThread]:   database: destination_db
[0m19:01:17.351225 [info ] [MainThread]:   schema: public
[0m19:01:17.351937 [info ] [MainThread]:   connect_timeout: 10
[0m19:01:17.353182 [info ] [MainThread]:   role: None
[0m19:01:17.354613 [info ] [MainThread]:   search_path: None
[0m19:01:17.355504 [info ] [MainThread]:   keepalives_idle: 0
[0m19:01:17.356219 [info ] [MainThread]:   sslmode: None
[0m19:01:17.357141 [info ] [MainThread]:   sslcert: None
[0m19:01:17.358096 [info ] [MainThread]:   sslkey: None
[0m19:01:17.358957 [info ] [MainThread]:   sslrootcert: None
[0m19:01:17.359850 [info ] [MainThread]:   application_name: dbt
[0m19:01:17.360622 [info ] [MainThread]:   retries: 1
[0m19:01:17.361561 [info ] [MainThread]: Registered adapter: postgres=1.7.13
[0m19:01:17.362630 [debug] [MainThread]: Acquiring new postgres connection 'debug'
[0m19:01:17.363266 [debug] [MainThread]: Using postgres connection "debug"
[0m19:01:17.364007 [debug] [MainThread]: On debug: select 1 as id
[0m19:01:17.364772 [debug] [MainThread]: Opening a new connection, currently in state init
[0m19:01:17.378334 [debug] [MainThread]: SQL status: SELECT 1 in 0.0 seconds
[0m19:01:17.380917 [debug] [MainThread]: On debug: Close
[0m19:01:17.382233 [info ] [MainThread]:   Connection test: [[32mOK connection ok[0m]

[0m19:01:17.383157 [info ] [MainThread]: [31m1 check failed:[0m
[0m19:01:17.383948 [info ] [MainThread]: Project loading failed for the following reason:
 project path </home/fshlinux/hd2/data/programming/big_data/freecodecamp/dbt_project.yml> not found

[0m19:01:17.385993 [debug] [MainThread]: Resource report: {"command_name": "debug", "command_wall_clock_time": 0.24791554, "process_user_time": 2.487623, "process_kernel_time": 0.063785, "process_mem_max_rss": "96508", "process_out_blocks": "32", "command_success": false, "process_in_blocks": "0"}
[0m19:01:17.387540 [debug] [MainThread]: Command `dbt debug` failed at 19:01:17.387134 after 0.25 seconds
[0m19:01:17.388741 [debug] [MainThread]: Connection 'debug' was properly closed.
[0m19:01:17.389918 [debug] [MainThread]: Sending event: {'category': 'dbt', 'action': 'invocation', 'label': 'end', 'context': [<snowplow_tracker.self_describing_json.SelfDescribingJson object at 0x7f42235da2c0>, <snowplow_tracker.self_describing_json.SelfDescribingJson object at 0x7f4220d29420>, <snowplow_tracker.self_describing_json.SelfDescribingJson object at 0x7f4220d2a260>]}
[0m19:01:17.390837 [debug] [MainThread]: Flushing usage events
